        -:    0:Source:sub4.f90
        1:    1:subroutine sub4()
        -:    2:  integer :: i, k
        -:    3:
        1:    4:  k = 0
       11:    5:  do i=1,10
       11:    6:    k = k+1
        -:    7:  end do
        -:    8:
        1:    9:  if ( k /= 42 ) then
        1:   10:    print *, 'k is not the meaning of life, universe and everything.'
        -:   11:  else
    #####:   12:    print *, 'k IS the meaning of life, universe and everything.'
        -:   13:  end if
        -:   14:
        1:   15:end subroutine sub4
